# JRE version: Java(TM) SE Runtime Environment (7.0_67-b01) (build 1.7.0_67-b01)
# Java VM: Java HotSpot(TM) 64-Bit Server VM (24.65-b04 mixed mode bsd-amd64 compressed oops)
Heap
 PSYoungGen      total 671232K, used 372591K [0x00000007d5500000, 0x00000007ffe80000, 0x0000000800000000)
  eden space 646656K, 55% used [0x00000007d5500000,0x00000007eb177be0,0x00000007fcc80000)
  from space 24576K, 64% used [0x00000007fe680000,0x00000007ff5e40d0,0x00000007ffe80000)
  to   space 25600K, 0% used [0x00000007fcc80000,0x00000007fcc80000,0x00000007fe580000)
 ParOldGen       total 89600K, used 41545K [0x0000000780000000, 0x0000000785780000, 0x00000007d5500000)
  object space 89600K, 46% used [0x0000000780000000,0x0000000782892470,0x0000000785780000)
 PSPermGen       total 21504K, used 9570K [0x000000077ae00000, 0x000000077c300000, 0x0000000780000000)
  object space 21504K, 44% used [0x000000077ae00000,0x000000077b758b58,0x000000077c300000)
GC Heap History (10 events):
Event: 6.163 GC heap before
{Heap before GC invocations=13 (full 1):
 PSYoungGen      total 343552K, used 330407K [0x00000007d5500000, 0x00000007f3c00000, 0x0000000800000000)
  eden space 315904K, 99% used [0x00000007d5500000,0x00000007e8971e18,0x00000007e8980000)
  from space 27648K, 52% used [0x00000007e8980000,0x00000007e97b80c0,0x00000007ea480000)
  to   space 27648K, 0% used [0x00000007f2100000,0x00000007f2100000,0x00000007f3c00000)
 ParOldGen       total 89600K, used 41481K [0x0000000780000000, 0x0000000785780000, 0x00000007d5500000)
  object space 89600K, 46% used [0x0000000780000000,0x0000000782882470,0x0000000785780000)
 PSPermGen       total 21504K, used 9562K [0x000000077ae00000, 0x000000077c300000, 0x0000000780000000)
  object space 21504K, 44% used [0x000000077ae00000,0x000000077b756a30,0x000000077c300000)
Event: 6.170 GC heap after
Heap after GC invocations=13 (full 1):
 PSYoungGen      total 453632K, used 14560K [0x00000007d5500000, 0x00000007f3380000, 0x0000000800000000)
  eden space 434688K, 0% used [0x00000007d5500000,0x00000007d5500000,0x00000007efd80000)
  from space 18944K, 76% used [0x00000007f2100000,0x00000007f2f380c0,0x00000007f3380000)
  to   space 27648K, 0% used [0x00000007efd80000,0x00000007efd80000,0x00000007f1880000)
 ParOldGen       total 89600K, used 41489K [0x0000000780000000, 0x0000000785780000, 0x00000007d5500000)
  object space 89600K, 46% used [0x0000000780000000,0x0000000782884470,0x0000000785780000)
 PSPermGen       total 21504K, used 9562K [0x000000077ae00000, 0x000000077c300000, 0x0000000780000000)
  object space 21504K, 44% used [0x000000077ae00000,0x000000077b756a30,0x000000077c300000)
}
Event: 7.165 GC heap before
{Heap before GC invocations=14 (full 1):
 PSYoungGen      total 453632K, used 448905K [0x00000007d5500000, 0x00000007f3380000, 0x0000000800000000)
  eden space 434688K, 99% used [0x00000007d5500000,0x00000007efd2a5a0,0x00000007efd80000)
  from space 18944K, 76% used [0x00000007f2100000,0x00000007f2f380c0,0x00000007f3380000)
  to   space 27648K, 0% used [0x00000007efd80000,0x00000007efd80000,0x00000007f1880000)
 ParOldGen       total 89600K, used 41489K [0x0000000780000000, 0x0000000785780000, 0x00000007d5500000)
  object space 89600K, 46% used [0x0000000780000000,0x0000000782884470,0x0000000785780000)
 PSPermGen       total 21504K, used 9564K [0x000000077ae00000, 0x000000077c300000, 0x0000000780000000)
  object space 21504K, 44% used [0x000000077ae00000,0x000000077b757170,0x000000077c300000)
Event: 7.173 GC heap after
Heap after GC invocations=14 (full 1):
 PSYoungGen      total 462336K, used 15760K [0x00000007d5500000, 0x00000007fc680000, 0x0000000800000000)
  eden space 434688K, 0% used [0x00000007d5500000,0x00000007d5500000,0x00000007efd80000)
  from space 27648K, 57% used [0x00000007efd80000,0x00000007f0ce40d0,0x00000007f1880000)
  to   space 27136K, 0% used [0x00000007fac00000,0x00000007fac00000,0x00000007fc680000)
 ParOldGen       total 89600K, used 41497K [0x0000000780000000, 0x0000000785780000, 0x00000007d5500000)
  object space 89600K, 46% used [0x0000000780000000,0x0000000782886470,0x0000000785780000)
 PSPermGen       total 21504K, used 9564K [0x000000077ae00000, 0x000000077c300000, 0x0000000780000000)
  object space 21504K, 44% used [0x000000077ae00000,0x000000077b757170,0x000000077c300000)
}
Event: 8.246 GC heap before
{Heap before GC invocations=15 (full 1):
 PSYoungGen      total 462336K, used 449751K [0x00000007d5500000, 0x00000007fc680000, 0x0000000800000000)
  eden space 434688K, 99% used [0x00000007d5500000,0x00000007efcd1d28,0x00000007efd80000)
  from space 27648K, 57% used [0x00000007efd80000,0x00000007f0ce40d0,0x00000007f1880000)
  to   space 27136K, 0% used [0x00000007fac00000,0x00000007fac00000,0x00000007fc680000)
 ParOldGen       total 89600K, used 41497K [0x0000000780000000, 0x0000000785780000, 0x00000007d5500000)
  object space 89600K, 46% used [0x0000000780000000,0x0000000782886470,0x0000000785780000)
 PSPermGen       total 21504K, used 9567K [0x000000077ae00000, 0x000000077c300000, 0x0000000780000000)
  object space 21504K, 44% used [0x000000077ae00000,0x000000077b757ea0,0x000000077c300000)
Event: 8.253 GC heap after
Heap after GC invocations=15 (full 1):
 PSYoungGen      total 591872K, used 16960K [0x00000007d5500000, 0x00000007fbd00000, 0x0000000800000000)
  eden space 574464K, 0% used [0x00000007d5500000,0x00000007d5500000,0x00000007f8600000)
  from space 17408K, 97% used [0x00000007fac00000,0x00000007fbc900e0,0x00000007fbd00000)
  to   space 26624K, 0% used [0x00000007f8900000,0x00000007f8900000,0x00000007fa300000)
 ParOldGen       total 89600K, used 41513K [0x0000000780000000, 0x0000000785780000, 0x00000007d5500000)
  object space 89600K, 46% used [0x0000000780000000,0x000000078288a470,0x0000000785780000)
 PSPermGen       total 21504K, used 9567K [0x000000077ae00000, 0x000000077c300000, 0x0000000780000000)
  object space 21504K, 44% used [0x000000077ae00000,0x000000077b757ea0,0x000000077c300000)
}
Event: 9.707 GC heap before
{Heap before GC invocations=16 (full 1):
 PSYoungGen      total 591872K, used 591365K [0x00000007d5500000, 0x00000007fbd00000, 0x0000000800000000)
  eden space 574464K, 99% used [0x00000007d5500000,0x00000007f85f14a8,0x00000007f8600000)
  from space 17408K, 97% used [0x00000007fac00000,0x00000007fbc900e0,0x00000007fbd00000)
  to   space 26624K, 0% used [0x00000007f8900000,0x00000007f8900000,0x00000007fa300000)
 ParOldGen       total 89600K, used 41513K [0x0000000780000000, 0x0000000785780000, 0x00000007d5500000)
  object space 89600K, 46% used [0x0000000780000000,0x000000078288a470,0x0000000785780000)
 PSPermGen       total 21504K, used 9569K [0x000000077ae00000, 0x000000077c300000, 0x0000000780000000)
  object space 21504K, 44% used [0x000000077ae00000,0x000000077b758738,0x000000077c300000)
Event: 9.716 GC heap after
Heap after GC invocations=16 (full 1):
 PSYoungGen      total 604160K, used 15760K [0x00000007d5500000, 0x0000000800000000, 0x0000000800000000)
  eden space 577536K, 0% used [0x00000007d5500000,0x00000007d5500000,0x00000007f8900000)
  from space 26624K, 59% used [0x00000007f8900000,0x00000007f98640d0,0x00000007fa300000)
  to   space 26112K, 0% used [0x00000007fe680000,0x00000007fe680000,0x0000000800000000)
 ParOldGen       total 89600K, used 41529K [0x0000000780000000, 0x0000000785780000, 0x00000007d5500000)
  object space 89600K, 46% used [0x0000000780000000,0x000000078288e470,0x0000000785780000)
 PSPermGen       total 21504K, used 9569K [0x000000077ae00000, 0x000000077c300000, 0x0000000780000000)
  object space 21504K, 44% used [0x000000077ae00000,0x000000077b758738,0x000000077c300000)
}
Event: 11.183 GC heap before
{Heap before GC invocations=17 (full 1):
 PSYoungGen      total 604160K, used 592401K [0x00000007d5500000, 0x0000000800000000, 0x0000000800000000)
  eden space 577536K, 99% used [0x00000007d5500000,0x00000007f8820510,0x00000007f8900000)
  from space 26624K, 59% used [0x00000007f8900000,0x00000007f98640d0,0x00000007fa300000)
  to   space 26112K, 0% used [0x00000007fe680000,0x00000007fe680000,0x0000000800000000)
 ParOldGen       total 89600K, used 41529K [0x0000000780000000, 0x0000000785780000, 0x00000007d5500000)
  object space 89600K, 46% used [0x0000000780000000,0x000000078288e470,0x0000000785780000)
 PSPermGen       total 21504K, used 9570K [0x000000077ae00000, 0x000000077c300000, 0x0000000780000000)
  object space 21504K, 44% used [0x000000077ae00000,0x000000077b758a68,0x000000077c300000)
Event: 11.191 GC heap after
Heap after GC invocations=17 (full 1):
 PSYoungGen      total 671232K, used 15760K [0x00000007d5500000, 0x00000007ffe80000, 0x0000000800000000)
  eden space 646656K, 0% used [0x00000007d5500000,0x00000007d5500000,0x00000007fcc80000)
  from space 24576K, 64% used [0x00000007fe680000,0x00000007ff5e40d0,0x00000007ffe80000)
  to   space 25600K, 0% used [0x00000007fcc80000,0x00000007fcc80000,0x00000007fe580000)
 ParOldGen       total 89600K, used 41545K [0x0000000780000000, 0x0000000785780000, 0x00000007d5500000)
  object space 89600K, 46% used [0x0000000780000000,0x0000000782892470,0x0000000785780000)
 PSPermGen       total 21504K, used 9570K [0x000000077ae00000, 0x000000077c300000, 0x0000000780000000)
  object space 21504K, 44% used [0x000000077ae00000,0x000000077b758a68,0x000000077c300000)
}

