# JRE version: Java(TM) SE Runtime Environment (7.0_67-b01) (build 1.7.0_67-b01)
# Java VM: Java HotSpot(TM) 64-Bit Server VM (24.65-b04 mixed mode bsd-amd64 compressed oops)
Heap
 PSYoungGen      total 638976K, used 25614K [0x00000007d5500000, 0x00000007fe680000, 0x0000000800000000)
  eden space 629760K, 3% used [0x00000007d5500000,0x00000007d6a4fa60,0x00000007fbc00000)
  from space 9216K, 41% used [0x00000007fbc00000,0x00000007fbfb4030,0x00000007fc500000)
  to   space 8704K, 0% used [0x00000007fde00000,0x00000007fde00000,0x00000007fe680000)
 ParOldGen       total 242688K, used 241399K [0x0000000780000000, 0x000000078ed00000, 0x00000007d5500000)
  object space 242688K, 99% used [0x0000000780000000,0x000000078ebbdfd0,0x000000078ed00000)
 PSPermGen       total 21504K, used 9605K [0x000000077ae00000, 0x000000077c300000, 0x0000000780000000)
  object space 21504K, 44% used [0x000000077ae00000,0x000000077b761718,0x000000077c300000)
GC Heap History (10 events):
Event: 121.444 GC heap before
{Heap before GC invocations=45 (full 6):
 PSYoungGen      total 588288K, used 587881K [0x00000007d5500000, 0x00000007fa200000, 0x0000000800000000)
  eden space 580608K, 99% used [0x00000007d5500000,0x00000007f8be2700,0x00000007f8c00000)
  from space 7680K, 96% used [0x00000007f9480000,0x00000007f9bb8060,0x00000007f9c00000)
  to   space 8704K, 0% used [0x00000007f8c00000,0x00000007f8c00000,0x00000007f9480000)
 ParOldGen       total 178176K, used 164598K [0x0000000780000000, 0x000000078ae00000, 0x00000007d5500000)
  object space 178176K, 92% used [0x0000000780000000,0x000000078a0bdbd0,0x000000078ae00000)
 PSPermGen       total 21504K, used 9593K [0x000000077ae00000, 0x000000077c300000, 0x0000000780000000)
  object space 21504K, 44% used [0x000000077ae00000,0x000000077b75e6e0,0x000000077c300000)
Event: 121.454 GC heap after
Heap after GC invocations=45 (full 6):
 PSYoungGen      total 589312K, used 192K [0x00000007d5500000, 0x00000007fb600000, 0x0000000800000000)
  eden space 580608K, 0% used [0x00000007d5500000,0x00000007d5500000,0x00000007f8c00000)
  from space 8704K, 2% used [0x00000007f8c00000,0x00000007f8c30000,0x00000007f9480000)
  to   space 8704K, 0% used [0x00000007fad80000,0x00000007fad80000,0x00000007fb600000)
 ParOldGen       total 178176K, used 164598K [0x0000000780000000, 0x000000078ae00000, 0x00000007d5500000)
  object space 178176K, 92% used [0x0000000780000000,0x000000078a0bdbd0,0x000000078ae00000)
 PSPermGen       total 21504K, used 9593K [0x000000077ae00000, 0x000000077c300000, 0x0000000780000000)
  object space 21504K, 44% used [0x000000077ae00000,0x000000077b75e6e0,0x000000077c300000)
}
Event: 125.780 GC heap before
{Heap before GC invocations=46 (full 6):
 PSYoungGen      total 589312K, used 579794K [0x00000007d5500000, 0x00000007fb600000, 0x0000000800000000)
  eden space 580608K, 99% used [0x00000007d5500000,0x00000007f8b04b10,0x00000007f8c00000)
  from space 8704K, 2% used [0x00000007f8c00000,0x00000007f8c30000,0x00000007f9480000)
  to   space 8704K, 0% used [0x00000007fad80000,0x00000007fad80000,0x00000007fb600000)
 ParOldGen       total 178176K, used 164598K [0x0000000780000000, 0x000000078ae00000, 0x00000007d5500000)
  object space 178176K, 92% used [0x0000000780000000,0x000000078a0bdbd0,0x000000078ae00000)
 PSPermGen       total 21504K, used 9602K [0x000000077ae00000, 0x000000077c300000, 0x0000000780000000)
  object space 21504K, 44% used [0x000000077ae00000,0x000000077b7609b0,0x000000077c300000)
Event: 125.799 GC heap after
Heap after GC invocations=46 (full 6):
 PSYoungGen      total 614912K, used 4992K [0x00000007d5500000, 0x00000007fb780000, 0x0000000800000000)
  eden space 606208K, 0% used [0x00000007d5500000,0x00000007d5500000,0x00000007fa500000)
  from space 8704K, 57% used [0x00000007fad80000,0x00000007fb260040,0x00000007fb600000)
  to   space 8704K, 0% used [0x00000007fa500000,0x00000007fa500000,0x00000007fad80000)
 ParOldGen       total 178176K, used 164598K [0x0000000780000000, 0x000000078ae00000, 0x00000007d5500000)
  object space 178176K, 92% used [0x0000000780000000,0x000000078a0bdbd0,0x000000078ae00000)
 PSPermGen       total 21504K, used 9602K [0x000000077ae00000, 0x000000077c300000, 0x0000000780000000)
  object space 21504K, 44% used [0x000000077ae00000,0x000000077b7609b0,0x000000077c300000)
}
Event: 130.609 GC heap before
{Heap before GC invocations=47 (full 6):
 PSYoungGen      total 614912K, used 610185K [0x00000007d5500000, 0x00000007fb780000, 0x0000000800000000)
  eden space 606208K, 99% used [0x00000007d5500000,0x00000007fa4023c0,0x00000007fa500000)
  from space 8704K, 57% used [0x00000007fad80000,0x00000007fb260040,0x00000007fb600000)
  to   space 8704K, 0% used [0x00000007fa500000,0x00000007fa500000,0x00000007fad80000)
 ParOldGen       total 178176K, used 165798K [0x0000000780000000, 0x000000078ae00000, 0x00000007d5500000)
  object space 178176K, 93% used [0x0000000780000000,0x000000078a1e9be0,0x000000078ae00000)
 PSPermGen       total 21504K, used 9602K [0x000000077ae00000, 0x000000077c300000, 0x0000000780000000)
  object space 21504K, 44% used [0x000000077ae00000,0x000000077b760ae0,0x000000077c300000)
Event: 130.635 GC heap after
Heap after GC invocations=47 (full 6):
 PSYoungGen      total 614912K, used 6192K [0x00000007d5500000, 0x00000007fd180000, 0x0000000800000000)
  eden space 606208K, 0% used [0x00000007d5500000,0x00000007d5500000,0x00000007fa500000)
  from space 8704K, 71% used [0x00000007fa500000,0x00000007fab0c050,0x00000007fad80000)
  to   space 9216K, 0% used [0x00000007fc880000,0x00000007fc880000,0x00000007fd180000)
 ParOldGen       total 178176K, used 165798K [0x0000000780000000, 0x000000078ae00000, 0x00000007d5500000)
  object space 178176K, 93% used [0x0000000780000000,0x000000078a1e9be0,0x000000078ae00000)
 PSPermGen       total 21504K, used 9602K [0x000000077ae00000, 0x000000077c300000, 0x0000000780000000)
  object space 21504K, 44% used [0x000000077ae00000,0x000000077b760ae0,0x000000077c300000)
}
Event: 136.257 GC heap before
{Heap before GC invocations=48 (full 6):
 PSYoungGen      total 614912K, used 612304K [0x00000007d5500000, 0x00000007fd180000, 0x0000000800000000)
  eden space 606208K, 99% used [0x00000007d5500000,0x00000007fa4e8018,0x00000007fa500000)
  from space 8704K, 71% used [0x00000007fa500000,0x00000007fab0c050,0x00000007fad80000)
  to   space 9216K, 0% used [0x00000007fc880000,0x00000007fc880000,0x00000007fd180000)
 ParOldGen       total 242688K, used 241399K [0x0000000780000000, 0x000000078ed00000, 0x00000007d5500000)
  object space 242688K, 99% used [0x0000000780000000,0x000000078ebbdfd0,0x000000078ed00000)
 PSPermGen       total 21504K, used 9604K [0x000000077ae00000, 0x000000077c300000, 0x0000000780000000)
  object space 21504K, 44% used [0x000000077ae00000,0x000000077b761348,0x000000077c300000)
Event: 136.264 GC heap after
Heap after GC invocations=48 (full 6):
 PSYoungGen      total 635392K, used 224K [0x00000007d5500000, 0x00000007fce00000, 0x0000000800000000)
  eden space 629760K, 0% used [0x00000007d5500000,0x00000007d5500000,0x00000007fbc00000)
  from space 5632K, 3% used [0x00000007fc880000,0x00000007fc8b8000,0x00000007fce00000)
  to   space 9216K, 0% used [0x00000007fbc00000,0x00000007fbc00000,0x00000007fc500000)
 ParOldGen       total 242688K, used 241399K [0x0000000780000000, 0x000000078ed00000, 0x00000007d5500000)
  object space 242688K, 99% used [0x0000000780000000,0x000000078ebbdfd0,0x000000078ed00000)
 PSPermGen       total 21504K, used 9604K [0x000000077ae00000, 0x000000077c300000, 0x0000000780000000)
  object space 21504K, 44% used [0x000000077ae00000,0x000000077b761348,0x000000077c300000)
}
Event: 141.359 GC heap before
{Heap before GC invocations=49 (full 6):
 PSYoungGen      total 635392K, used 629887K [0x00000007d5500000, 0x00000007fce00000, 0x0000000800000000)
  eden space 629760K, 99% used [0x00000007d5500000,0x00000007fbbe7de8,0x00000007fbc00000)
  from space 5632K, 3% used [0x00000007fc880000,0x00000007fc8b8000,0x00000007fce00000)
  to   space 9216K, 0% used [0x00000007fbc00000,0x00000007fbc00000,0x00000007fc500000)
 ParOldGen       total 242688K, used 241399K [0x0000000780000000, 0x000000078ed00000, 0x00000007d5500000)
  object space 242688K, 99% used [0x0000000780000000,0x000000078ebbdfd0,0x000000078ed00000)
 PSPermGen       total 21504K, used 9605K [0x000000077ae00000, 0x000000077c300000, 0x0000000780000000)
  object space 21504K, 44% used [0x000000077ae00000,0x000000077b761718,0x000000077c300000)
Event: 141.383 GC heap after
Heap after GC invocations=49 (full 6):
 PSYoungGen      total 638976K, used 3792K [0x00000007d5500000, 0x00000007fe680000, 0x0000000800000000)
  eden space 629760K, 0% used [0x00000007d5500000,0x00000007d5500000,0x00000007fbc00000)
  from space 9216K, 41% used [0x00000007fbc00000,0x00000007fbfb4030,0x00000007fc500000)
  to   space 8704K, 0% used [0x00000007fde00000,0x00000007fde00000,0x00000007fe680000)
 ParOldGen       total 242688K, used 241399K [0x0000000780000000, 0x000000078ed00000, 0x00000007d5500000)
  object space 242688K, 99% used [0x0000000780000000,0x000000078ebbdfd0,0x000000078ed00000)
 PSPermGen       total 21504K, used 9605K [0x000000077ae00000, 0x000000077c300000, 0x0000000780000000)
  object space 21504K, 44% used [0x000000077ae00000,0x000000077b761718,0x000000077c300000)
}

